\BOOKMARK [0][-]{chapter.1}{\376\377\0001\000\040\000H\000i\000e\000r\000a\000r\000c\000h\000i\000c\000a\000l\000\040\000I\000n\000d\000e\000x}{}% 1
\BOOKMARK [1][-]{section.1.1}{\376\377\0001\000.\0001\000\040\000C\000l\000a\000s\000s\000\040\000H\000i\000e\000r\000a\000r\000c\000h\000y}{chapter.1}% 2
\BOOKMARK [0][-]{chapter.2}{\376\377\0002\000\040\000C\000l\000a\000s\000s\000\040\000I\000n\000d\000e\000x}{}% 3
\BOOKMARK [1][-]{section.2.1}{\376\377\0002\000.\0001\000\040\000C\000l\000a\000s\000s\000\040\000L\000i\000s\000t}{chapter.2}% 4
\BOOKMARK [0][-]{chapter.3}{\376\377\0003\000\040\000F\000i\000l\000e\000\040\000I\000n\000d\000e\000x}{}% 5
\BOOKMARK [1][-]{section.3.1}{\376\377\0003\000.\0001\000\040\000F\000i\000l\000e\000\040\000L\000i\000s\000t}{chapter.3}% 6
\BOOKMARK [0][-]{chapter.4}{\376\377\0004\000\040\000C\000l\000a\000s\000s\000\040\000D\000o\000c\000u\000m\000e\000n\000t\000a\000t\000i\000o\000n}{}% 7
\BOOKMARK [1][-]{section.4.1}{\376\377\0004\000.\0001\000\040\000i\000t\000.\000u\000n\000i\000s\000a\000.\000d\000i\000e\000m\000.\000g\000r\000u\000p\000p\000o\0002\0001\000.\000p\000r\000o\000g\000e\000t\000t\000o\000r\000u\000b\000r\000i\000c\000a\000.\000m\000o\000d\000e\000l\000.\000g\000e\000s\000t\000i\000o\000n\000e\000r\000u\000b\000r\000i\000c\000a\000.\000C\000o\000n\000t\000a\000t\000t\000o\000\040\000C\000l\000a\000s\000s\000\040\000R\000e\000f\000e\000r\000e\000n\000c\000e}{chapter.4}% 8
\BOOKMARK [2][-]{subsection.4.1.1}{\376\377\0004\000.\0001\000.\0001\000\040\000C\000o\000n\000s\000t\000r\000u\000c\000t\000o\000r\000\040\000\046\000\040\000D\000e\000s\000t\000r\000u\000c\000t\000o\000r\000\040\000D\000o\000c\000u\000m\000e\000n\000t\000a\000t\000i\000o\000n}{section.4.1}% 9
\BOOKMARK [3][-]{subsubsection.4.1.1.1}{\376\377\0004\000.\0001\000.\0001\000.\0001\000\040\000C\000o\000n\000t\000a\000t\000t\000o\000\050\000\051}{subsection.4.1.1}% 10
\BOOKMARK [2][-]{subsection.4.1.2}{\376\377\0004\000.\0001\000.\0002\000\040\000M\000e\000m\000b\000e\000r\000\040\000F\000u\000n\000c\000t\000i\000o\000n\000\040\000D\000o\000c\000u\000m\000e\000n\000t\000a\000t\000i\000o\000n}{section.4.1}% 11
\BOOKMARK [3][-]{subsubsection.4.1.2.1}{\376\377\0004\000.\0001\000.\0002\000.\0001\000\040\000c\000o\000m\000p\000a\000r\000e\000T\000o\000\050\000\051}{subsection.4.1.2}% 12
\BOOKMARK [3][-]{subsubsection.4.1.2.2}{\376\377\0004\000.\0001\000.\0002\000.\0002\000\040\000g\000e\000t\000C\000o\000g\000n\000o\000m\000e\000\050\000\051}{subsection.4.1.2}% 13
\BOOKMARK [3][-]{subsubsection.4.1.2.3}{\376\377\0004\000.\0001\000.\0002\000.\0003\000\040\000g\000e\000t\000I\000n\000d\000i\000r\000i\000z\000z\000i\000E\000m\000a\000i\000l\000\050\000\051}{subsection.4.1.2}% 14
\BOOKMARK [3][-]{subsubsection.4.1.2.4}{\376\377\0004\000.\0001\000.\0002\000.\0004\000\040\000g\000e\000t\000M\000a\000x\000E\000m\000a\000i\000l\000\050\000\051}{subsection.4.1.2}% 15
\BOOKMARK [3][-]{subsubsection.4.1.2.5}{\376\377\0004\000.\0001\000.\0002\000.\0005\000\040\000g\000e\000t\000M\000a\000x\000N\000u\000m\000e\000r\000i\000\050\000\051}{subsection.4.1.2}% 16
\BOOKMARK [3][-]{subsubsection.4.1.2.6}{\376\377\0004\000.\0001\000.\0002\000.\0006\000\040\000g\000e\000t\000N\000o\000m\000e\000\050\000\051}{subsection.4.1.2}% 17
\BOOKMARK [3][-]{subsubsection.4.1.2.7}{\376\377\0004\000.\0001\000.\0002\000.\0007\000\040\000g\000e\000t\000N\000u\000m\000e\000r\000i\000T\000e\000l\000e\000f\000o\000n\000o\000\050\000\051}{subsection.4.1.2}% 18
\BOOKMARK [3][-]{subsubsection.4.1.2.8}{\376\377\0004\000.\0001\000.\0002\000.\0008\000\040\000s\000e\000t\000C\000o\000g\000n\000o\000m\000e\000\050\000\051}{subsection.4.1.2}% 19
\BOOKMARK [3][-]{subsubsection.4.1.2.9}{\376\377\0004\000.\0001\000.\0002\000.\0009\000\040\000s\000e\000t\000I\000n\000d\000i\000r\000i\000z\000z\000i\000E\000m\000a\000i\000l\000\050\000\051}{subsection.4.1.2}% 20
\BOOKMARK [3][-]{subsubsection.4.1.2.10}{\376\377\0004\000.\0001\000.\0002\000.\0001\0000\000\040\000s\000e\000t\000N\000o\000m\000e\000\050\000\051}{subsection.4.1.2}% 21
\BOOKMARK [3][-]{subsubsection.4.1.2.11}{\376\377\0004\000.\0001\000.\0002\000.\0001\0001\000\040\000s\000e\000t\000N\000u\000m\000e\000r\000i\000T\000e\000l\000e\000f\000o\000n\000o\000\050\000\051}{subsection.4.1.2}% 22
\BOOKMARK [3][-]{subsubsection.4.1.2.12}{\376\377\0004\000.\0001\000.\0002\000.\0001\0002\000\040\000t\000o\000S\000t\000r\000i\000n\000g\000\050\000\051}{subsection.4.1.2}% 23
\BOOKMARK [1][-]{section.4.2}{\376\377\0004\000.\0002\000\040\000i\000t\000.\000u\000n\000i\000s\000a\000.\000d\000i\000e\000m\000.\000g\000r\000u\000p\000p\000o\0002\0001\000.\000p\000r\000o\000g\000e\000t\000t\000o\000r\000u\000b\000r\000i\000c\000a\000.\000m\000o\000d\000e\000l\000.\000g\000e\000s\000t\000i\000o\000n\000e\000r\000u\000b\000r\000i\000c\000a\000.\000C\000o\000n\000t\000a\000t\000t\000o\000N\000o\000n\000V\000a\000l\000i\000d\000o\000E\000x\000c\000e\000p\000t\000i\000o\000n\000\040\000C\000l\000a\000s\000s\000\040\000R\000e\000f\000e\000r\000e\000n\000c\000e}{chapter.4}% 24
\BOOKMARK [2][-]{subsection.4.2.1}{\376\377\0004\000.\0002\000.\0001\000\040\000D\000e\000t\000a\000i\000l\000e\000d\000\040\000D\000e\000s\000c\000r\000i\000p\000t\000i\000o\000n}{section.4.2}% 25
\BOOKMARK [1][-]{section.4.3}{\376\377\0004\000.\0003\000\040\000i\000t\000.\000u\000n\000i\000s\000a\000.\000d\000i\000e\000m\000.\000g\000r\000u\000p\000p\000o\0002\0001\000.\000p\000r\000o\000g\000e\000t\000t\000o\000r\000u\000b\000r\000i\000c\000a\000.\000m\000o\000d\000e\000l\000.\000g\000e\000s\000t\000i\000o\000n\000e\000r\000u\000b\000r\000i\000c\000a\000.\000C\000o\000n\000t\000r\000o\000l\000l\000i\000V\000a\000l\000i\000d\000i\000t\000\340\000\040\000C\000l\000a\000s\000s\000\040\000R\000e\000f\000e\000r\000e\000n\000c\000e}{chapter.4}% 26
\BOOKMARK [2][-]{subsection.4.3.1}{\376\377\0004\000.\0003\000.\0001\000\040\000M\000e\000m\000b\000e\000r\000\040\000F\000u\000n\000c\000t\000i\000o\000n\000\040\000D\000o\000c\000u\000m\000e\000n\000t\000a\000t\000i\000o\000n}{section.4.3}% 27
\BOOKMARK [3][-]{subsubsection.4.3.1.1}{\376\377\0004\000.\0003\000.\0001\000.\0001\000\040\000c\000o\000n\000t\000r\000o\000l\000l\000o\000N\000u\000m\000e\000r\000o\000\050\000\051}{subsection.4.3.1}% 28
\BOOKMARK [3][-]{subsubsection.4.3.1.2}{\376\377\0004\000.\0003\000.\0001\000.\0002\000\040\000c\000o\000n\000t\000r\000o\000l\000l\000o\000R\000i\000e\000m\000p\000i\000m\000e\000n\000t\000o\000\050\000\051}{subsection.4.3.1}% 29
\BOOKMARK [1][-]{section.4.4}{\376\377\0004\000.\0004\000\040\000i\000t\000.\000u\000n\000i\000s\000a\000.\000d\000i\000e\000m\000.\000g\000r\000u\000p\000p\000o\0002\0001\000.\000p\000r\000o\000g\000e\000t\000t\000o\000r\000u\000b\000r\000i\000c\000a\000.\000m\000o\000d\000e\000l\000.\000g\000e\000s\000t\000i\000o\000n\000e\000d\000a\000t\000i\000.\000G\000e\000s\000t\000o\000r\000e\000P\000e\000r\000s\000i\000s\000t\000e\000n\000z\000a\000D\000a\000t\000i\000\040\000C\000l\000a\000s\000s\000\040\000R\000e\000f\000e\000r\000e\000n\000c\000e}{chapter.4}% 30
\BOOKMARK [2][-]{subsection.4.4.1}{\376\377\0004\000.\0004\000.\0001\000\040\000M\000e\000m\000b\000e\000r\000\040\000F\000u\000n\000c\000t\000i\000o\000n\000\040\000D\000o\000c\000u\000m\000e\000n\000t\000a\000t\000i\000o\000n}{section.4.4}% 31
\BOOKMARK [3][-]{subsubsection.4.4.1.1}{\376\377\0004\000.\0004\000.\0001\000.\0001\000\040\000c\000a\000r\000i\000c\000a\000\050\000\051}{subsection.4.4.1}% 32
\BOOKMARK [3][-]{subsubsection.4.4.1.2}{\376\377\0004\000.\0004\000.\0001\000.\0002\000\040\000s\000a\000l\000v\000a\000\050\000\051}{subsection.4.4.1}% 33
\BOOKMARK [1][-]{section.4.5}{\376\377\0004\000.\0005\000\040\000i\000t\000.\000u\000n\000i\000s\000a\000.\000d\000i\000e\000m\000.\000g\000r\000u\000p\000p\000o\0002\0001\000.\000p\000r\000o\000g\000e\000t\000t\000o\000r\000u\000b\000r\000i\000c\000a\000.\000m\000o\000d\000e\000l\000.\000g\000e\000s\000t\000i\000o\000n\000e\000d\000a\000t\000i\000.\000O\000p\000e\000r\000a\000t\000o\000r\000e\000F\000i\000l\000e\000\040\000C\000l\000a\000s\000s\000\040\000R\000e\000f\000e\000r\000e\000n\000c\000e}{chapter.4}% 34
\BOOKMARK [2][-]{subsection.4.5.1}{\376\377\0004\000.\0005\000.\0001\000\040\000M\000e\000m\000b\000e\000r\000\040\000F\000u\000n\000c\000t\000i\000o\000n\000\040\000D\000o\000c\000u\000m\000e\000n\000t\000a\000t\000i\000o\000n}{section.4.5}% 35
\BOOKMARK [3][-]{subsubsection.4.5.1.1}{\376\377\0004\000.\0005\000.\0001\000.\0001\000\040\000l\000e\000g\000g\000i\000\050\000\051}{subsection.4.5.1}% 36
\BOOKMARK [3][-]{subsubsection.4.5.1.2}{\376\377\0004\000.\0005\000.\0001\000.\0002\000\040\000s\000c\000r\000i\000v\000i\000\050\000\051}{subsection.4.5.1}% 37
\BOOKMARK [1][-]{section.4.6}{\376\377\0004\000.\0006\000\040\000i\000t\000.\000u\000n\000i\000s\000a\000.\000d\000i\000e\000m\000.\000g\000r\000u\000p\000p\000o\0002\0001\000.\000p\000r\000o\000g\000e\000t\000t\000o\000r\000u\000b\000r\000i\000c\000a\000.\000c\000o\000n\000t\000r\000o\000l\000l\000e\000r\000.\000R\000u\000b\000r\000i\000c\000a\000C\000o\000n\000t\000r\000o\000l\000l\000e\000r\000\040\000C\000l\000a\000s\000s\000\040\000R\000e\000f\000e\000r\000e\000n\000c\000e}{chapter.4}% 38
\BOOKMARK [2][-]{subsection.4.6.1}{\376\377\0004\000.\0006\000.\0001\000\040\000D\000e\000t\000a\000i\000l\000e\000d\000\040\000D\000e\000s\000c\000r\000i\000p\000t\000i\000o\000n}{section.4.6}% 39
\BOOKMARK [2][-]{subsection.4.6.2}{\376\377\0004\000.\0006\000.\0002\000\040\000M\000e\000m\000b\000e\000r\000\040\000F\000u\000n\000c\000t\000i\000o\000n\000\040\000D\000o\000c\000u\000m\000e\000n\000t\000a\000t\000i\000o\000n}{section.4.6}% 40
\BOOKMARK [3][-]{subsubsection.4.6.2.1}{\376\377\0004\000.\0006\000.\0002\000.\0001\000\040\000i\000n\000i\000t\000i\000a\000l\000i\000z\000e\000\050\000\051}{subsection.4.6.2}% 41
\BOOKMARK [1][-]{section.4.7}{\376\377\0004\000.\0007\000\040\000i\000t\000.\000u\000n\000i\000s\000a\000.\000d\000i\000e\000m\000.\000g\000r\000u\000p\000p\000o\0002\0001\000.\000p\000r\000o\000g\000e\000t\000t\000o\000r\000u\000b\000r\000i\000c\000a\000.\000m\000a\000i\000n\000.\000R\000u\000b\000r\000i\000c\000a\000M\000a\000i\000n\000\040\000C\000l\000a\000s\000s\000\040\000R\000e\000f\000e\000r\000e\000n\000c\000e}{chapter.4}% 42
\BOOKMARK [2][-]{subsection.4.7.1}{\376\377\0004\000.\0007\000.\0001\000\040\000D\000e\000t\000a\000i\000l\000e\000d\000\040\000D\000e\000s\000c\000r\000i\000p\000t\000i\000o\000n}{section.4.7}% 43
\BOOKMARK [2][-]{subsection.4.7.2}{\376\377\0004\000.\0007\000.\0002\000\040\000M\000e\000m\000b\000e\000r\000\040\000F\000u\000n\000c\000t\000i\000o\000n\000\040\000D\000o\000c\000u\000m\000e\000n\000t\000a\000t\000i\000o\000n}{section.4.7}% 44
\BOOKMARK [3][-]{subsubsection.4.7.2.1}{\376\377\0004\000.\0007\000.\0002\000.\0001\000\040\000m\000a\000i\000n\000\050\000\051}{subsection.4.7.2}% 45
\BOOKMARK [0][-]{chapter.5}{\376\377\0005\000\040\000F\000i\000l\000e\000\040\000D\000o\000c\000u\000m\000e\000n\000t\000a\000t\000i\000o\000n}{}% 46
\BOOKMARK [1][-]{section.5.1}{\376\377\0005\000.\0001\000\040\000s\000r\000c\000/\000m\000a\000i\000n\000/\000j\000a\000v\000a\000/\000i\000t\000/\000u\000n\000i\000s\000a\000/\000d\000i\000e\000m\000/\000g\000r\000u\000p\000p\000o\0002\0001\000/\000p\000r\000o\000g\000e\000t\000t\000o\000r\000u\000b\000r\000i\000c\000a\000/\000m\000o\000d\000e\000l\000/\000g\000e\000s\000t\000i\000o\000n\000e\000d\000a\000t\000i\000/\000G\000e\000s\000t\000o\000r\000e\000P\000e\000r\000s\000i\000s\000t\000e\000n\000z\000a\000D\000a\000t\000i\000.\000j\000a\000v\000a\000\040\000F\000i\000l\000e\000\040\000R\000e\000f\000e\000r\000e\000n\000c\000e}{chapter.5}% 47
\BOOKMARK [2][-]{subsection.5.1.1}{\376\377\0005\000.\0001\000.\0001\000\040\000D\000e\000t\000a\000i\000l\000e\000d\000\040\000D\000e\000s\000c\000r\000i\000p\000t\000i\000o\000n}{section.5.1}% 48
\BOOKMARK [1][-]{section.5.2}{\376\377\0005\000.\0002\000\040\000s\000r\000c\000/\000m\000a\000i\000n\000/\000j\000a\000v\000a\000/\000i\000t\000/\000u\000n\000i\000s\000a\000/\000d\000i\000e\000m\000/\000g\000r\000u\000p\000p\000o\0002\0001\000/\000p\000r\000o\000g\000e\000t\000t\000o\000r\000u\000b\000r\000i\000c\000a\000/\000m\000o\000d\000e\000l\000/\000g\000e\000s\000t\000i\000o\000n\000e\000d\000a\000t\000i\000/\000O\000p\000e\000r\000a\000t\000o\000r\000e\000F\000i\000l\000e\000.\000j\000a\000v\000a\000\040\000F\000i\000l\000e\000\040\000R\000e\000f\000e\000r\000e\000n\000c\000e}{chapter.5}% 49
\BOOKMARK [2][-]{subsection.5.2.1}{\376\377\0005\000.\0002\000.\0001\000\040\000D\000e\000t\000a\000i\000l\000e\000d\000\040\000D\000e\000s\000c\000r\000i\000p\000t\000i\000o\000n}{section.5.2}% 50
\BOOKMARK [1][-]{section.5.3}{\376\377\0005\000.\0003\000\040\000s\000r\000c\000/\000m\000a\000i\000n\000/\000j\000a\000v\000a\000/\000i\000t\000/\000u\000n\000i\000s\000a\000/\000d\000i\000e\000m\000/\000g\000r\000u\000p\000p\000o\0002\0001\000/\000p\000r\000o\000g\000e\000t\000t\000o\000r\000u\000b\000r\000i\000c\000a\000/\000m\000o\000d\000e\000l\000/\000g\000e\000s\000t\000i\000o\000n\000e\000r\000u\000b\000r\000i\000c\000a\000/\000C\000o\000n\000t\000a\000t\000t\000o\000.\000j\000a\000v\000a\000\040\000F\000i\000l\000e\000\040\000R\000e\000f\000e\000r\000e\000n\000c\000e}{chapter.5}% 51
\BOOKMARK [2][-]{subsection.5.3.1}{\376\377\0005\000.\0003\000.\0001\000\040\000D\000e\000t\000a\000i\000l\000e\000d\000\040\000D\000e\000s\000c\000r\000i\000p\000t\000i\000o\000n}{section.5.3}% 52
\BOOKMARK [1][-]{section.5.4}{\376\377\0005\000.\0004\000\040\000s\000r\000c\000/\000m\000a\000i\000n\000/\000j\000a\000v\000a\000/\000i\000t\000/\000u\000n\000i\000s\000a\000/\000d\000i\000e\000m\000/\000g\000r\000u\000p\000p\000o\0002\0001\000/\000p\000r\000o\000g\000e\000t\000t\000o\000r\000u\000b\000r\000i\000c\000a\000/\000m\000o\000d\000e\000l\000/\000g\000e\000s\000t\000i\000o\000n\000e\000r\000u\000b\000r\000i\000c\000a\000/\000C\000o\000n\000t\000r\000o\000l\000l\000i\000V\000a\000l\000i\000d\000i\000t\000\340\000.\000j\000a\000v\000a\000\040\000F\000i\000l\000e\000\040\000R\000e\000f\000e\000r\000e\000n\000c\000e}{chapter.5}% 53
\BOOKMARK [2][-]{subsection.5.4.1}{\376\377\0005\000.\0004\000.\0001\000\040\000D\000e\000t\000a\000i\000l\000e\000d\000\040\000D\000e\000s\000c\000r\000i\000p\000t\000i\000o\000n}{section.5.4}% 54
\BOOKMARK [1][-]{section.5.5}{\376\377\0005\000.\0005\000\040\000s\000r\000c\000/\000m\000a\000i\000n\000/\000j\000a\000v\000a\000/\000i\000t\000/\000u\000n\000i\000s\000a\000/\000d\000i\000e\000m\000/\000g\000r\000u\000p\000p\000o\0002\0001\000/\000p\000r\000o\000g\000e\000t\000t\000o\000r\000u\000b\000r\000i\000c\000a\000/\000m\000o\000d\000e\000l\000/\000g\000e\000s\000t\000i\000o\000n\000e\000r\000u\000b\000r\000i\000c\000a\000/\000R\000u\000b\000r\000i\000c\000a\000.\000j\000a\000v\000a\000\040\000F\000i\000l\000e\000\040\000R\000e\000f\000e\000r\000e\000n\000c\000e}{chapter.5}% 55
\BOOKMARK [2][-]{subsection.5.5.1}{\376\377\0005\000.\0005\000.\0001\000\040\000D\000e\000t\000a\000i\000l\000e\000d\000\040\000D\000e\000s\000c\000r\000i\000p\000t\000i\000o\000n}{section.5.5}% 56
